C:\USERS\MSAYDIN.CISE.004\DOWNLOADS\GL4_EXMS\GL4_EXAMPLE2\DEBUG\EXAMPLE2.OBJ
C:\USERS\MSAYDIN.CISE.004\DOWNLOADS\GL4_EXMS\GL4_EXAMPLE2\DEBUG\OPENGL4.EXE
C:\USERS\MSAYDIN.CISE.004\DOWNLOADS\GL4_EXMS\GL4_EXAMPLE2\DEBUG\OPENGL4.EXE.INTERMEDIATE.MANIFEST
C:\USERS\MSAYDIN.CISE.004\DOWNLOADS\GL4_EXMS\GL4_EXAMPLE2\DEBUG\OPENGL4.ILK
C:\USERS\MSAYDIN.CISE.004\DOWNLOADS\GL4_EXMS\GL4_EXAMPLE2\DEBUG\OPENGL4.PDB
C:\USERS\MSAYDIN.CISE.004\DOWNLOADS\GL4_EXMS\GL4_EXAMPLE2\DEBUG\VC100.PDB
C:\USERS\MSAYDIN\DOWNLOADS\GL4_EXMS\GL4_EXAMPLE2\DEBUG\EXAMPLE2.OBJ
C:\USERS\MSAYDIN\DOWNLOADS\GL4_EXMS\GL4_EXAMPLE2\DEBUG\OPENGL4.EXE
C:\USERS\MSAYDIN\DOWNLOADS\GL4_EXMS\GL4_EXAMPLE2\DEBUG\OPENGL4.EXE.INTERMEDIATE.MANIFEST
C:\USERS\MSAYDIN\DOWNLOADS\GL4_EXMS\GL4_EXAMPLE2\DEBUG\OPENGL4.ILK
C:\USERS\MSAYDIN\DOWNLOADS\GL4_EXMS\GL4_EXAMPLE2\DEBUG\OPENGL4.PDB
C:\USERS\MSAYDIN\DOWNLOADS\GL4_EXMS\GL4_EXAMPLE2\DEBUG\VC100.PDB
C:\Users\Samuel\Documents\GitHub\Graph_Proj3\gl4_exMS\gl4_example2\Debug\cl.command.1.tlog
C:\Users\Samuel\Documents\GitHub\Graph_Proj3\gl4_exMS\gl4_example2\Debug\CL.read.1.tlog
C:\Users\Samuel\Documents\GitHub\Graph_Proj3\gl4_exMS\gl4_example2\Debug\CL.write.1.tlog
C:\USERS\SAMUEL\DOCUMENTS\GITHUB\GRAPH_PROJ3\GL4_EXMS\GL4_EXAMPLE2\DEBUG\EXAMPLE2.OBJ
C:\Users\Samuel\Documents\GitHub\Graph_Proj3\gl4_exMS\gl4_example2\Debug\link.command.1.tlog
C:\Users\Samuel\Documents\GitHub\Graph_Proj3\gl4_exMS\gl4_example2\Debug\link.read.1.tlog
C:\Users\Samuel\Documents\GitHub\Graph_Proj3\gl4_exMS\gl4_example2\Debug\link.write.1.tlog
C:\Users\Samuel\Documents\GitHub\Graph_Proj3\gl4_exMS\gl4_example2\Debug\mt.command.1.tlog
C:\Users\Samuel\Documents\GitHub\Graph_Proj3\gl4_exMS\gl4_example2\Debug\mt.read.1.tlog
C:\Users\Samuel\Documents\GitHub\Graph_Proj3\gl4_exMS\gl4_example2\Debug\mt.write.1.tlog
C:\USERS\SAMUEL\DOCUMENTS\GITHUB\GRAPH_PROJ3\GL4_EXMS\GL4_EXAMPLE2\DEBUG\OPENGL4.EXE
C:\Users\Samuel\Documents\GitHub\Graph_Proj3\gl4_exMS\gl4_example2\Debug\opengl4.exe.intermediate.manifest
C:\Users\Samuel\Documents\GitHub\Graph_Proj3\gl4_exMS\gl4_example2\Debug\opengl4.pdb
C:\Users\Samuel\Documents\GitHub\Graph_Proj3\gl4_exMS\gl4_example2\Debug\opengl4.vcxprojResolveAssemblyReference.cache
C:\Users\Samuel\Documents\GitHub\Graph_Proj3\gl4_exMS\gl4_example2\Debug\opengl4.write.1.tlog
C:\Users\Samuel\Documents\GitHub\Graph_Proj3\gl4_exMS\gl4_example2\Debug\vc100.idb
C:\USERS\SAMUEL\DOCUMENTS\GITHUB\GRAPH_PROJ3\GL4_EXMS\GL4_EXAMPLE2\DEBUG\VC100.PDB
